<?xml version="1.0" encoding="UTF-8"?>
<!-- Generated by org.testng.reporters.JUnitXMLReporter -->
<testsuite ignored="1" hostname="LAPTOP-477EEVIP" failures="0" tests="1" name="Default test" time="3.688" errors="0" timestamp="2026-03-25T14:15:01 IST">
  <testcase classname="DummyAPI.ProductList" name="getProductTags" time="3.608"/>
  <testcase classname="DummyAPI.ProductList" name="getProductList" time="0.0">
    <ignored/>
  </testcase> <!-- getProductList -->
</testsuite> <!-- Default test -->
