<?xml version="1.0" encoding="UTF-8"?>
<!-- Generated by org.testng.reporters.JUnitXMLReporter -->
<testsuite ignored="4" hostname="LAPTOP-477EEVIP" failures="0" tests="1" name="Default test" time="3.941" errors="0" timestamp="2026-03-19T11:28:17 IST">
  <testcase classname="APITestSuite" name="verifyBlogpost1" time="3.861"/>
  <testcase classname="APITestSuite" name="getApiTest" time="0.0">
    <ignored/>
  </testcase> <!-- getApiTest -->
  <testcase classname="APITestSuite" name="getApiTest1" time="0.0">
    <ignored/>
  </testcase> <!-- getApiTest1 -->
  <testcase classname="APITestSuite" name="verifyBlogpost" time="0.0">
    <ignored/>
  </testcase> <!-- verifyBlogpost -->
  <testcase classname="APITestSuite" name="getCompnayList" time="0.0">
    <ignored/>
  </testcase> <!-- getCompnayList -->
</testsuite> <!-- Default test -->
