<?xml version="1.0" encoding="UTF-8"?>
<testng-results ignored="0" total="1" passed="1" failed="0" skipped="0">
  <reporter-output>
  </reporter-output>
  <suite started-at="2026-03-19T17:40:13 IST" name="Default suite" finished-at="2026-03-19T17:40:17 IST" duration-ms="3357">
    <groups>
    </groups>
    <test started-at="2026-03-19T17:40:13 IST" name="Default test" finished-at="2026-03-19T17:40:17 IST" duration-ms="3357">
      <class name="DummyAPI.ProductList">
        <test-method signature="getProductTags()[pri:0, instance:DummyAPI.ProductList@36ebc363]" started-at="2026-03-19T17:40:13 IST" name="getProductTags" finished-at="2026-03-19T17:40:16 IST" duration-ms="3301" status="PASS">
          <reporter-output>
          </reporter-output>
        </test-method> <!-- getProductTags -->
      </class> <!-- DummyAPI.ProductList -->
    </test> <!-- Default test -->
  </suite> <!-- Default suite -->
</testng-results>
