<?xml version="1.0" encoding="UTF-8"?>
<testng-results ignored="0" total="1" passed="1" failed="0" skipped="0">
  <reporter-output>
  </reporter-output>
  <suite started-at="2026-04-09T02:13:38 IST" name="Default suite" finished-at="2026-04-09T02:13:42 IST" duration-ms="3926">
    <groups>
    </groups>
    <test started-at="2026-04-09T02:13:38 IST" name="Default test" finished-at="2026-04-09T02:13:42 IST" duration-ms="3926">
      <class name="DummyAPI.ProductList">
        <test-method signature="fetchHistory()[pri:0, instance:DummyAPI.ProductList@77c2494c]" started-at="2026-04-09T02:13:38 IST" name="fetchHistory" finished-at="2026-04-09T02:13:42 IST" duration-ms="3835" status="PASS">
          <reporter-output>
          </reporter-output>
        </test-method> <!-- fetchHistory -->
      </class> <!-- DummyAPI.ProductList -->
    </test> <!-- Default test -->
  </suite> <!-- Default suite -->
</testng-results>
