<?xml version="1.0" encoding="UTF-8"?>
<!-- Generated by org.testng.reporters.JUnitReportReporter -->
<testsuite hostname="LAPTOP-477EEVIP" failures="0" tests="3" name="DummyAPI.Authtoken" time="3.049" errors="0" timestamp="2026-03-20T00:08:27 IST" skipped="0">
  <testcase classname="DummyAPI.Authtoken" name="generateAuthtoken" time="2.472"/>
  <testcase classname="DummyAPI.Authtoken" name="getCurrentUser" time="0.308"/>
  <testcase classname="DummyAPI.Authtoken" name="refreshToken" time="0.269"/>
</testsuite> <!-- DummyAPI.Authtoken -->
